This is pdfTeX, Version 3.1415926-2.4-1.40.13 (MiKTeX 2.9) (preloaded format=pdflatex 2013.6.19)  14 OCT 2013 08:49
entering extended mode
**ReproducingChasAmil0.3.tex
(Y:\Macro\forestproductsdemand\docs\ChasAmil2000\ReproducingChasAmil0.3.tex
LaTeX2e <2011/06/27>
Babel <v3.8m> and hyphenation patterns for english, afrikaans, ancientgreek, ar
abic, armenian, assamese, basque, bengali, bokmal, bulgarian, catalan, coptic, 
croatian, czech, danish, dutch, esperanto, estonian, farsi, finnish, french, ga
lician, german, german-x-2012-05-30, greek, gujarati, hindi, hungarian, iceland
ic, indonesian, interlingua, irish, italian, kannada, kurmanji, latin, latvian,
 lithuanian, malayalam, marathi, mongolian, mongolianlmc, monogreek, ngerman, n
german-x-2012-05-30, nynorsk, oriya, panjabi, pinyin, polish, portuguese, roman
ian, russian, sanskrit, serbian, slovak, slovenian, spanish, swedish, swissgerm
an, tamil, telugu, turkish, turkmen, ukenglish, ukrainian, uppersorbian, usengl
ishmax, welsh, loaded.
("C:\Program Files\MiKTeX 2.9\tex\latex\koma-script\scrartcl.cls"
Document Class: scrartcl 2012/07/29 v3.11b KOMA-Script document class (article)

("C:\Program Files\MiKTeX 2.9\tex\latex\koma-script\scrkbase.sty"
Package: scrkbase 2012/07/29 v3.11b KOMA-Script package (KOMA-Script-dependent 
basics and keyval usage)

("C:\Program Files\MiKTeX 2.9\tex\latex\koma-script\scrbase.sty"
Package: scrbase 2012/07/29 v3.11b KOMA-Script package (KOMA-Script-independent
 basics and keyval usage)

("C:\Program Files\MiKTeX 2.9\tex\latex\graphics\keyval.sty"
Package: keyval 1999/03/16 v1.13 key=value parser (DPC)
\KV@toks@=\toks14
)
("C:\Program Files\MiKTeX 2.9\tex\latex\koma-script\scrlfile.sty"
Package: scrlfile 2012/06/15 v3.12 KOMA-Script package (loading files)

Package scrlfile, 2012/06/15 v3.12 KOMA-Script package (loading files)
                  Copyright (C) Markus Kohm

))) ("C:\Program Files\MiKTeX 2.9\tex\latex\koma-script\tocbasic.sty"
Package: tocbasic 2012/04/04 v3.10b KOMA-Script package (handling toc-files)
)
Package tocbasic Info: omitting babel extension for `toc'
(tocbasic)             because of feature `nobabel' available
(tocbasic)             for `toc' on input line 115.
Package tocbasic Info: omitting babel extension for `lof'
(tocbasic)             because of feature `nobabel' available
(tocbasic)             for `lof' on input line 116.
Package tocbasic Info: omitting babel extension for `lot'
(tocbasic)             because of feature `nobabel' available
(tocbasic)             for `lot' on input line 117.
Class scrartcl Info: File `scrsize11pt.clo' used instead of
(scrartcl)           file `scrsize11.clo' to setup font sizes on input line 126
7.

("C:\Program Files\MiKTeX 2.9\tex\latex\koma-script\scrsize11pt.clo"
File: scrsize11pt.clo 2012/07/29 v3.11b KOMA-Script font size class option (11p
t)
)
("C:\Program Files\MiKTeX 2.9\tex\latex\koma-script\typearea.sty"
Package: typearea 2012/07/29 v3.11b KOMA-Script package (type area)

Package typearea, 2012/07/29 v3.11b KOMA-Script package (type area)
                  Copyright (C) Frank Neukam, 1992-1994
                  Copyright (C) Markus Kohm, 1994-

\ta@bcor=\skip41
\ta@div=\count79
\ta@hblk=\skip42
\ta@vblk=\skip43
\ta@temp=\skip44
Package typearea Info: These are the values describing the layout:
(typearea)             DIV  = 10
(typearea)             BCOR = 0.0pt
(typearea)             \paperwidth      = 597.50793pt
(typearea)              \textwidth      = 418.25555pt
(typearea)              DIV departure   = -6%
(typearea)              \evensidemargin = 17.3562pt
(typearea)              \oddsidemargin  = 17.3562pt
(typearea)             \paperheight     = 845.04694pt
(typearea)              \textheight     = 595.80026pt
(typearea)              \topmargin      = -25.16531pt
(typearea)              \headheight     = 17.0pt
(typearea)              \headsep        = 20.40001pt
(typearea)              \topskip        = 11.0pt
(typearea)              \footskip       = 47.60002pt
(typearea)              \baselineskip   = 13.6pt
(typearea)              on input line 1213.
)
\c@part=\count80
\c@section=\count81
\c@subsection=\count82
\c@subsubsection=\count83
\c@paragraph=\count84
\c@subparagraph=\count85
\abovecaptionskip=\skip45
\belowcaptionskip=\skip46
\c@pti@nb@sid@b@x=\box26
\c@figure=\count86
\c@table=\count87
\bibindent=\dimen102
) ("C:\Program Files\MiKTeX 2.9\tex\latex\graphics\graphicx.sty"
Package: graphicx 1999/02/16 v1.0f Enhanced LaTeX Graphics (DPC,SPQR)

("C:\Program Files\MiKTeX 2.9\tex\latex\graphics\graphics.sty"
Package: graphics 2009/02/05 v1.0o Standard LaTeX Graphics (DPC,SPQR)

("C:\Program Files\MiKTeX 2.9\tex\latex\graphics\trig.sty"
Package: trig 1999/03/16 v1.09 sin cos tan (DPC)
)
("C:\Program Files\MiKTeX 2.9\tex\latex\00miktex\graphics.cfg"
File: graphics.cfg 2007/01/18 v1.5 graphics configuration of teTeX/TeXLive
)
Package graphics Info: Driver file: pdftex.def on input line 91.

("C:\Program Files\MiKTeX 2.9\tex\latex\pdftex-def\pdftex.def"
File: pdftex.def 2011/05/27 v0.06d Graphics/color for pdfTeX

("C:\Program Files\MiKTeX 2.9\tex\generic\oberdiek\infwarerr.sty"
Package: infwarerr 2010/04/08 v1.3 Providing info/warning/error messages (HO)
)
("C:\Program Files\MiKTeX 2.9\tex\generic\oberdiek\ltxcmds.sty"
Package: ltxcmds 2011/11/09 v1.22 LaTeX kernel commands for general use (HO)
)
\Gread@gobject=\count88
))
\Gin@req@height=\dimen103
\Gin@req@width=\dimen104
)
("C:\Program Files\MiKTeX 2.9\tex\latex\graphics\color.sty"
Package: color 2005/11/14 v1.0j Standard LaTeX Color (DPC)

("C:\Program Files\MiKTeX 2.9\tex\latex\00miktex\color.cfg"
File: color.cfg 2007/01/18 v1.5 color configuration of teTeX/TeXLive
)
Package color Info: Driver file: pdftex.def on input line 130.
)
("C:\Program Files\MiKTeX 2.9\tex\latex\framed\framed.sty"
Package: framed 2011/10/22 v 0.96: framed or shaded text with page breaks
\OuterFrameSep=\skip47
\fb@frw=\dimen105
\fb@frh=\dimen106
\FrameRule=\dimen107
\FrameSep=\dimen108
)
("C:\Program Files\MiKTeX 2.9\tex\latex\base\alltt.sty"
Package: alltt 1997/06/16 v2.0g defines alltt environment
)
("C:\Program Files\MiKTeX 2.9\tex\latex\hyperref\hyperref.sty"
Package: hyperref 2012/11/06 v6.83m Hypertext links for LaTeX

("C:\Program Files\MiKTeX 2.9\tex\generic\oberdiek\hobsub-hyperref.sty"
Package: hobsub-hyperref 2012/04/25 v1.12 Bundle oberdiek, subset hyperref (HO)


("C:\Program Files\MiKTeX 2.9\tex\generic\oberdiek\hobsub-generic.sty"
Package: hobsub-generic 2012/04/25 v1.12 Bundle oberdiek, subset generic (HO)
Package: hobsub 2012/04/25 v1.12 Construct package bundles (HO)
Package hobsub Info: Skipping package `infwarerr' (already loaded).
Package hobsub Info: Skipping package `ltxcmds' (already loaded).
Package: ifluatex 2010/03/01 v1.3 Provides the ifluatex switch (HO)
Package ifluatex Info: LuaTeX not detected.
Package: ifvtex 2010/03/01 v1.5 Detect VTeX and its facilities (HO)
Package ifvtex Info: VTeX not detected.
Package: intcalc 2007/09/27 v1.1 Expandable calculations with integers (HO)
Package: ifpdf 2011/01/30 v2.3 Provides the ifpdf switch (HO)
Package ifpdf Info: pdfTeX in PDF mode is detected.
Package: etexcmds 2011/02/16 v1.5 Avoid name clashes with e-TeX commands (HO)
Package etexcmds Info: Could not find \expanded.
(etexcmds)             That can mean that you are not using pdfTeX 1.50 or
(etexcmds)             that some package has redefined \expanded.
(etexcmds)             In the latter case, load this package earlier.
Package: kvsetkeys 2012/04/25 v1.16 Key value parser (HO)
Package: kvdefinekeys 2011/04/07 v1.3 Define keys (HO)
Package: pdftexcmds 2011/11/29 v0.20 Utility functions of pdfTeX for LuaTeX (HO
)
Package pdftexcmds Info: LuaTeX not detected.
Package pdftexcmds Info: \pdf@primitive is available.
Package pdftexcmds Info: \pdf@ifprimitive is available.
Package pdftexcmds Info: \pdfdraftmode found.
Package: pdfescape 2011/11/25 v1.13 Implements pdfTeX's escape features (HO)
Package: bigintcalc 2012/04/08 v1.3 Expandable calculations on big integers (HO
)
Package: bitset 2011/01/30 v1.1 Handle bit-vector datatype (HO)
Package: uniquecounter 2011/01/30 v1.2 Provide unlimited unique counter (HO)
)
Package hobsub Info: Skipping package `hobsub' (already loaded).
Package: letltxmacro 2010/09/02 v1.4 Let assignment for LaTeX macros (HO)
Package: hopatch 2011/06/24 v1.1 Wrapper for package hooks (HO)
Package: xcolor-patch 2011/01/30 xcolor patch
Package: atveryend 2011/06/30 v1.8 Hooks at the very end of document (HO)
Package atveryend Info: \enddocument detected (standard20110627).
Package: atbegshi 2011/10/05 v1.16 At begin shipout hook (HO)
Package: refcount 2011/10/16 v3.4 Data extraction from label references (HO)
Package: hycolor 2011/01/30 v1.7 Color options for hyperref/bookmark (HO)
)
("C:\Program Files\MiKTeX 2.9\tex\generic\ifxetex\ifxetex.sty"
Package: ifxetex 2010/09/12 v0.6 Provides ifxetex conditional
)
("C:\Program Files\MiKTeX 2.9\tex\latex\oberdiek\auxhook.sty"
Package: auxhook 2011/03/04 v1.3 Hooks for auxiliary files (HO)
)
("C:\Program Files\MiKTeX 2.9\tex\latex\oberdiek\kvoptions.sty"
Package: kvoptions 2011/06/30 v3.11 Key value format for package options (HO)
)
\@linkdim=\dimen109
\Hy@linkcounter=\count89
\Hy@pagecounter=\count90

("C:\Program Files\MiKTeX 2.9\tex\latex\hyperref\pd1enc.def"
File: pd1enc.def 2012/11/06 v6.83m Hyperref: PDFDocEncoding definition (HO)
)
\Hy@SavedSpaceFactor=\count91

("C:\Program Files\MiKTeX 2.9\tex\latex\00miktex\hyperref.cfg"
File: hyperref.cfg 2002/06/06 v1.2 hyperref configuration of TeXLive
)
Package hyperref Info: Hyper figures OFF on input line 4443.
Package hyperref Info: Link nesting OFF on input line 4448.
Package hyperref Info: Hyper index ON on input line 4451.
Package hyperref Info: Plain pages OFF on input line 4458.
Package hyperref Info: Backreferencing OFF on input line 4463.
Package hyperref Info: Implicit mode ON; LaTeX internals redefined.
Package hyperref Info: Bookmarks ON on input line 4688.
\c@Hy@tempcnt=\count92

("C:\Program Files\MiKTeX 2.9\tex\latex\ltxmisc\url.sty"
\Urlmuskip=\muskip10
Package: url 2006/04/12  ver 3.3  Verb mode for urls, etc.
)
LaTeX Info: Redefining \url on input line 5041.
\XeTeXLinkMargin=\dimen110
\Fld@menulength=\count93
\Field@Width=\dimen111
\Fld@charsize=\dimen112
Package hyperref Info: Hyper figures OFF on input line 6295.
Package hyperref Info: Link nesting OFF on input line 6300.
Package hyperref Info: Hyper index ON on input line 6303.
Package hyperref Info: backreferencing OFF on input line 6310.
Package hyperref Info: Link coloring OFF on input line 6315.
Package hyperref Info: Link coloring with OCG OFF on input line 6320.
Package hyperref Info: PDF/A mode OFF on input line 6325.
LaTeX Info: Redefining \ref on input line 6365.
LaTeX Info: Redefining \pageref on input line 6369.
\Hy@abspage=\count94
\c@Item=\count95
\c@Hfootnote=\count96
)

Package hyperref Message: Driver (autodetected): hpdftex.

("C:\Program Files\MiKTeX 2.9\tex\latex\hyperref\hpdftex.def"
File: hpdftex.def 2012/11/06 v6.83m Hyperref driver for pdfTeX
\Fld@listcount=\count97
\c@bookmark@seq@number=\count98

("C:\Program Files\MiKTeX 2.9\tex\latex\oberdiek\rerunfilecheck.sty"
Package: rerunfilecheck 2011/04/15 v1.7 Rerun checks for auxiliary files (HO)
Package uniquecounter Info: New unique counter `rerunfilecheck' on input line 2
82.
)
\Hy@SectionHShift=\skip48
)
Package hyperref Info: Option `colorlinks' set `true' on input line 64.

("C:\Program Files\MiKTeX 2.9\tex\latex\upquote\upquote.sty"
Package: upquote 2012/04/19 v1.3 upright-quote and grave-accent glyphs in verba
tim
)
(Y:\Macro\forestproductsdemand\docs\ChasAmil2000\ReproducingChasAmil0.3.aux)
LaTeX Font Info:    Checking defaults for OML/cmm/m/it on input line 73.
LaTeX Font Info:    ... okay on input line 73.
LaTeX Font Info:    Checking defaults for T1/cmr/m/n on input line 73.
LaTeX Font Info:    ... okay on input line 73.
LaTeX Font Info:    Checking defaults for OT1/cmr/m/n on input line 73.
LaTeX Font Info:    ... okay on input line 73.
LaTeX Font Info:    Checking defaults for OMS/cmsy/m/n on input line 73.
LaTeX Font Info:    ... okay on input line 73.
LaTeX Font Info:    Checking defaults for OMX/cmex/m/n on input line 73.
LaTeX Font Info:    ... okay on input line 73.
LaTeX Font Info:    Checking defaults for U/cmr/m/n on input line 73.
LaTeX Font Info:    ... okay on input line 73.
LaTeX Font Info:    Checking defaults for PD1/pdf/m/n on input line 73.
LaTeX Font Info:    ... okay on input line 73.

("C:\Program Files\MiKTeX 2.9\tex\context\base\supp-pdf.mkii"
[Loading MPS to PDF converter (version 2006.09.02).]
\scratchcounter=\count99
\scratchdimen=\dimen113
\scratchbox=\box27
\nofMPsegments=\count100
\nofMParguments=\count101
\everyMPshowfont=\toks15
\MPscratchCnt=\count102
\MPscratchDim=\dimen114
\MPnumerator=\count103
\makeMPintoPDFobject=\count104
\everyMPtoPDFconversion=\toks16
)
\AtBeginShipoutBox=\box28
Package hyperref Info: Link coloring ON on input line 73.
 ("C:\Program Files\MiKTeX 2.9\tex\latex\hyperref\nameref.sty"
Package: nameref 2012/10/27 v2.43 Cross-referencing by name of section

("C:\Program Files\MiKTeX 2.9\tex\generic\oberdiek\gettitlestring.sty"
Package: gettitlestring 2010/12/03 v1.4 Cleanup title references (HO)
)
\c@section@level=\count105
)
LaTeX Info: Redefining \ref on input line 73.
LaTeX Info: Redefining \pageref on input line 73.
LaTeX Info: Redefining \nameref on input line 73.

(Y:\Macro\forestproductsdemand\docs\ChasAmil2000\ReproducingChasAmil0.3.out)
(Y:\Macro\forestproductsdemand\docs\ChasAmil2000\ReproducingChasAmil0.3.out)
\@outlinefile=\write3
LaTeX Font Info:    External font `cmex10' loaded for size
(Font)              <14.4> on input line 75.
LaTeX Font Info:    External font `cmex10' loaded for size
(Font)              <7> on input line 75.

(Y:\Macro\forestproductsdemand\docs\ChasAmil2000\ReproducingChasAmil0.3.toc
LaTeX Font Info:    External font `cmex10' loaded for size
(Font)              <10.95> on input line 2.
LaTeX Font Info:    External font `cmex10' loaded for size
(Font)              <8> on input line 2.
LaTeX Font Info:    External font `cmex10' loaded for size
(Font)              <6> on input line 2.
)
\tf@toc=\write4

[1


{C:/ProgramData/MiKTeX/2.9/pdftex/config/pdftex.map}]
<./figure/ChasAmilConsumption.png, id=57, 636.3775pt x 383.4325pt>
File: ./figure/ChasAmilConsumption.png Graphic file (type png)

<use ./figure/ChasAmilConsumption.png>
Package pdftex.def Info: ./figure/ChasAmilConsumption.png used on input line 89
.
(pdftex.def)             Requested size: 292.7776pt x 176.4045pt.
Package color Info: Redefining color shadecolor on input line 95.

<figure/ConsumptionEU15.pdf, id=58, 505.89pt x 289.08pt>
File: figure/ConsumptionEU15.pdf Graphic file (type pdf)

<use figure/ConsumptionEU15.pdf>
Package pdftex.def Info: figure/ConsumptionEU15.pdf used on input line 98.
(pdftex.def)             Requested size: 334.60571pt x 191.20801pt.
 [2 <Y:/Macro/forestproductsdemand/docs/ChasAmil2000/figure/ChasAmilConsumption
.png (PNG copy)> <Y:/Macro/forestproductsdemand/docs/ChasAmil2000/figure/Consum
ptionEU15.pdf>]
<./figure/ChasAmilPriceEvolution.png, id=71, 273.11337pt x 167.22942pt>
File: ./figure/ChasAmilPriceEvolution.png Graphic file (type png)

<use ./figure/ChasAmilPriceEvolution.png>
Package pdftex.def Info: ./figure/ChasAmilPriceEvolution.png used on input line
 114.
(pdftex.def)             Requested size: 250.95587pt x 153.66153pt.
Package color Info: Redefining color shadecolor on input line 120.

<figure/PriceEU15.pdf, id=72, 505.89pt x 289.08pt>
File: figure/PriceEU15.pdf Graphic file (type pdf)
 <use figure/PriceEU15.pdf>
Package pdftex.def Info: figure/PriceEU15.pdf used on input line 123.
(pdftex.def)             Requested size: 334.60571pt x 191.20801pt.

[3 <Y:/Macro/forestproductsdemand/docs/ChasAmil2000/figure/ChasAmilPriceEvoluti
on.png (PNG copy)> <Y:/Macro/forestproductsdemand/docs/ChasAmil2000/figure/Pric
eEU15.pdf>]
Package color Info: Redefining color shadecolor on input line 140.
 <figure/GDPPerCapita.pdf, id=85, 505.89pt x 289.08pt>
File: figure/GDPPerCapita.pdf Graphic file (type pdf)

<use figure/GDPPerCapita.pdf>
Package pdftex.def Info: figure/GDPPerCapita.pdf used on input line 143.
(pdftex.def)             Requested size: 292.7776pt x 167.30481pt.
Package color Info: Redefining color shadecolor on input line 156.

<figure/ConsPerCapita.pdf, id=86, 505.89pt x 289.08pt>
File: figure/ConsPerCapita.pdf Graphic file (type pdf)

<use figure/ConsPerCapita.pdf>
Package pdftex.def Info: figure/ConsPerCapita.pdf used on input line 159.
(pdftex.def)             Requested size: 292.7776pt x 167.30481pt.
 [4 <Y:/Macro/forestproductsdemand/docs/ChasAmil2000/figure/GDPPerCapita.pdf> <
Y:/Macro/forestproductsdemand/docs/ChasAmil2000/figure/ConsPerCapita.pdf>]
<./figure/ChasAmilEstimationTable1.png, id=103, 689.57625pt x 583.17876pt>
File: ./figure/ChasAmilEstimationTable1.png Graphic file (type png)

<use ./figure/ChasAmilEstimationTable1.png>
Package pdftex.def Info: ./figure/ChasAmilEstimationTable1.png used on input li
ne 175.
(pdftex.def)             Requested size: 292.7776pt x 247.60298pt.
 [5 <Y:/Macro/forestproductsdemand/docs/ChasAmil2000/figure/ChasAmilEstimationT
able1.png (PNG copy)>] [6]
<./figure/ChasAmilEstimationTable2.png, id=114, 909.3975pt x 252.945pt>
File: ./figure/ChasAmilEstimationTable2.png Graphic file (type png)

<use ./figure/ChasAmilEstimationTable2.png>
Package pdftex.def Info: ./figure/ChasAmilEstimationTable2.png used on input li
ne 231.
(pdftex.def)             Requested size: 292.7776pt x 81.43422pt.
 [7 <Y:/Macro/forestproductsdemand/docs/ChasAmil2000/figure/ChasAmilEstimationT
able2.png (PNG copy)>]
Package color Info: Redefining color shadecolor on input line 266.

<figure/ConsumptionEU15Extended1.pdf, id=122, 505.89pt x 289.08pt>
File: figure/ConsumptionEU15Extended1.pdf Graphic file (type pdf)

<use figure/ConsumptionEU15Extended1.pdf>
Package pdftex.def Info: figure/ConsumptionEU15Extended1.pdf used on input line
 269.
(pdftex.def)             Requested size: 292.7776pt x 167.30481pt.

<figure/ConsumptionEU15Extended2.pdf, id=123, 505.89pt x 289.08pt>
File: figure/ConsumptionEU15Extended2.pdf Graphic file (type pdf)

<use figure/ConsumptionEU15Extended2.pdf>
Package pdftex.def Info: figure/ConsumptionEU15Extended2.pdf used on input line
 279.
(pdftex.def)             Requested size: 292.7776pt x 167.30481pt.
Package color Info: Redefining color shadecolor on input line 293.

<figure/GDPEU15Extended1.pdf, id=124, 505.89pt x 289.08pt>
File: figure/GDPEU15Extended1.pdf Graphic file (type pdf)

<use figure/GDPEU15Extended1.pdf>
Package pdftex.def Info: figure/GDPEU15Extended1.pdf used on input line 296.
(pdftex.def)             Requested size: 292.7776pt x 167.30481pt.


LaTeX Warning: `h' float specifier changed to `ht'.

<figure/GDPEU15Extended2.pdf, id=125, 505.89pt x 289.08pt>
File: figure/GDPEU15Extended2.pdf Graphic file (type pdf)

<use figure/GDPEU15Extended2.pdf>
Package pdftex.def Info: figure/GDPEU15Extended2.pdf used on input line 306.
(pdftex.def)             Requested size: 292.7776pt x 167.30481pt.


LaTeX Warning: `h' float specifier changed to `ht'.

Package color Info: Redefining color shadecolor on input line 321.
<figure/PriceEU15Extended.pdf, id=126, 505.89pt x 289.08pt>
File: figure/PriceEU15Extended.pdf Graphic file (type pdf)

<use figure/PriceEU15Extended.pdf>
Package pdftex.def Info: figure/PriceEU15Extended.pdf used on input line 324.
(pdftex.def)             Requested size: 292.7776pt x 167.30481pt.


LaTeX Warning: `h' float specifier changed to `ht'.

[8 <Y:/Macro/forestproductsdemand/docs/ChasAmil2000/figure/ConsumptionEU15Exten
ded1.pdf> <Y:/Macro/forestproductsdemand/docs/ChasAmil2000/figure/ConsumptionEU
15Extended2.pdf>]
LaTeX Font Info:    Try loading font information for OMS+cmr on input line 339.

 ("C:\Program Files\MiKTeX 2.9\tex\latex\base\omscmr.fd"
File: omscmr.fd 1999/05/25 v2.5h Standard LaTeX font definitions
)
LaTeX Font Info:    Font shape `OMS/cmr/m/n' in size <10.95> not available
(Font)              Font shape `OMS/cmsy/m/n' tried instead on input line 339.
Package atveryend Info: Empty hook `BeforeClearDocument' on input line 354.

[9 <Y:/Macro/forestproductsdemand/docs/ChasAmil2000/figure/GDPEU15Extended1.pdf
>] [10 <Y:/Macro/forestproductsdemand/docs/ChasAmil2000/figure/GDPEU15Extended2
.pdf> <Y:/Macro/forestproductsdemand/docs/ChasAmil2000/figure/PriceEU15Extended
.pdf>]
Package atveryend Info: Empty hook `AfterLastShipout' on input line 354.

(Y:\Macro\forestproductsdemand\docs\ChasAmil2000\ReproducingChasAmil0.3.aux)
Package atveryend Info: Executing hook `AtVeryEndDocument' on input line 354.
Package atveryend Info: Executing hook `AtEndAfterFileList' on input line 354.
Package rerunfilecheck Info: File `ReproducingChasAmil0.3.out' has not changed.

(rerunfilecheck)             Checksum: 508E1286A42237DB8A80E512429D72BB;833.
Package atveryend Info: Empty hook `AtVeryVeryEnd' on input line 354.
 ) 
Here is how much of TeX's memory you used:
 6376 strings out of 493921
 98877 string characters out of 3147273
 204892 words of memory out of 3000000
 9575 multiletter control sequences out of 15000+200000
 8941 words of font info for 32 fonts, out of 3000000 for 9000
 841 hyphenation exceptions out of 8191
 36i,9n,35p,526b,322s stack positions out of 5000i,500n,10000p,200000b,50000s
<C:/Program Files/MiKTeX 2.9/fonts/type1/public/amsfonts/cm/cmr10.pfb><C:/Pro
gram Files/MiKTeX 2.9/fonts/type1/public/amsfonts/cm/cmr12.pfb><C:/Program File
s/MiKTeX 2.9/fonts/type1/public/amsfonts/cm/cmssbx10.pfb><C:/Program Files/MiKT
eX 2.9/fonts/type1/public/amsfonts/cm/cmsy10.pfb><C:/Program Files/MiKTeX 2.9/f
onts/type1/public/amsfonts/cm/cmtt10.pfb>
Output written on ReproducingChasAmil0.3.pdf (10 pages, 368696 bytes).
PDF statistics:
 200 PDF objects out of 1000 (max. 8388607)
 36 named destinations out of 1000 (max. 500000)
 138 words of extra memory for PDF output out of 10000 (max. 10000000)

